Using pre-set license
Built from '2021.3/staging' branch; Version is '2021.3.13f1 (9e7d58001ecf) revision 10386776'; Using compiler version '192829333'; Build Type 'Release'
OS: 'Windows 10  (10.0.19044) 64bit Core' Language: 'en' Physical Memory: 32694 MB
BatchMode: 1, IsHumanControllingUs: 0, StartBugReporterOnCrash: 0, Is64bit: 1, IsPro: 1

COMMAND LINE ARGUMENTS:
C:\Program Files\Unity\Hub\Editor\2021.3.13f1\Editor\Unity.exe
-adb2
-batchMode
-noUpm
-name
AssetImportWorker5
-projectPath
C:/Users/jimbo/Desktop/Lost-Haste/LostHaste
-logFile
Logs/AssetImportWorker5.log
-srvPort
60818
Successfully changed project path to: C:/Users/jimbo/Desktop/Lost-Haste/LostHaste
C:/Users/jimbo/Desktop/Lost-Haste/LostHaste
[UnityMemory] Configuration Parameters - Can be set up in boot.config
    "memorysetup-bucket-allocator-granularity=16"
    "memorysetup-bucket-allocator-bucket-count=8"
    "memorysetup-bucket-allocator-block-size=33554432"
    "memorysetup-bucket-allocator-block-count=8"
    "memorysetup-main-allocator-block-size=16777216"
    "memorysetup-thread-allocator-block-size=16777216"
    "memorysetup-gfx-main-allocator-block-size=16777216"
    "memorysetup-gfx-thread-allocator-block-size=16777216"
    "memorysetup-cache-allocator-block-size=4194304"
    "memorysetup-typetree-allocator-block-size=2097152"
    "memorysetup-profiler-bucket-allocator-granularity=16"
    "memorysetup-profiler-bucket-allocator-bucket-count=8"
    "memorysetup-profiler-bucket-allocator-block-size=33554432"
    "memorysetup-profiler-bucket-allocator-block-count=8"
    "memorysetup-profiler-allocator-block-size=16777216"
    "memorysetup-profiler-editor-allocator-block-size=1048576"
    "memorysetup-temp-allocator-size-main=16777216"
    "memorysetup-job-temp-allocator-block-size=2097152"
    "memorysetup-job-temp-allocator-block-size-background=1048576"
    "memorysetup-job-temp-allocator-reduction-small-platforms=262144"
    "memorysetup-temp-allocator-size-background-worker=32768"
    "memorysetup-temp-allocator-size-job-worker=262144"
    "memorysetup-temp-allocator-size-preload-manager=33554432"
    "memorysetup-temp-allocator-size-nav-mesh-worker=65536"
    "memorysetup-temp-allocator-size-audio-worker=65536"
    "memorysetup-temp-allocator-size-cloud-worker=32768"
    "memorysetup-temp-allocator-size-gi-baking-worker=262144"
    "memorysetup-temp-allocator-size-gfx=262144"
Refreshing native plugins compatible for Editor in 87.54 ms, found 3 plugins.
Preloading 0 native plugins for Editor in 0.00 ms.
Initialize engine version: 2021.3.13f1 (9e7d58001ecf)
[Subsystems] Discovering subsystems at path C:/Program Files/Unity/Hub/Editor/2021.3.13f1/Editor/Data/Resources/UnitySubsystems
[Subsystems] Discovering subsystems at path C:/Users/jimbo/Desktop/Lost-Haste/LostHaste/Assets
GfxDevice: creating device client; threaded=0; jobified=0
Direct3D:
    Version:  Direct3D 11.0 [level 11.1]
    Renderer: NVIDIA GeForce RTX 3070 (ID=0x2484)
    Vendor:   NVIDIA
    VRAM:     8031 MB
    Driver:   31.0.15.3168
Invalid texture used for cursor - check importer settings or texture creation. Texture must be RGBA32, readable, have alphaIsTransparency enabled and have no mip chain.
Initialize mono
Mono path[0] = 'C:/Program Files/Unity/Hub/Editor/2021.3.13f1/Editor/Data/Managed'
Mono path[1] = 'C:/Program Files/Unity/Hub/Editor/2021.3.13f1/Editor/Data/MonoBleedingEdge/lib/mono/unityjit-win32'
Mono config path = 'C:/Program Files/Unity/Hub/Editor/2021.3.13f1/Editor/Data/MonoBleedingEdge/etc'
Using monoOptions --debugger-agent=transport=dt_socket,embedding=1,server=y,suspend=n,address=127.0.0.1:56248
Begin MonoManager ReloadAssembly
Registering precompiled unity dll's ...
Register platform support module: C:/Program Files/Unity/Hub/Editor/2021.3.13f1/Editor/Data/PlaybackEngines/WindowsStandaloneSupport/UnityEditor.WindowsStandalone.Extensions.dll
Registered in 0.006922 seconds.
Native extension for WindowsStandalone target not found
Refreshing native plugins compatible for Editor in 71.29 ms, found 3 plugins.
Preloading 0 native plugins for Editor in 0.00 ms.
Mono: successfully reloaded assembly
- Completed reload, in  0.499 seconds
Domain Reload Profiling:
	ReloadAssembly (499ms)
		BeginReloadAssembly (59ms)
			ExecutionOrderSort (0ms)
			DisableScriptedObjects (0ms)
			BackupInstance (0ms)
			ReleaseScriptingObjects (0ms)
			CreateAndSetChildDomain (1ms)
		EndReloadAssembly (357ms)
			LoadAssemblies (57ms)
			RebuildTransferFunctionScriptingTraits (0ms)
			SetupTypeCache (75ms)
			ReleaseScriptCaches (0ms)
			RebuildScriptCaches (19ms)
			SetupLoadedEditorAssemblies (225ms)
				LogAssemblyErrors (0ms)
				InitializePlatformSupportModulesInManaged (6ms)
				SetLoadedEditorAssemblies (0ms)
				RefreshPlugins (71ms)
				BeforeProcessingInitializeOnLoad (1ms)
				ProcessInitializeOnLoadAttributes (110ms)
				ProcessInitializeOnLoadMethodAttributes (36ms)
				AfterProcessingInitializeOnLoad (0ms)
				EditorAssembliesLoaded (0ms)
			ExecutionOrderSort2 (0ms)
			AwakeInstancesAfterBackupRestoration (0ms)
Platform modules already initialized, skipping
Registering precompiled user dll's ...
Registered in 0.004938 seconds.
Begin MonoManager ReloadAssembly
Symbol file LoadedFromMemory doesn't match image C:\Users\jimbo\Desktop\Lost-Haste\LostHaste\Library\PackageCache\com.unity.visualscripting@1.7.8\Editor\VisualScripting.Core\Dependencies\YamlDotNet\Unity.VisualScripting.YamlDotNet.dll
Symbol file LoadedFromMemory doesn't match image C:\Users\jimbo\Desktop\Lost-Haste\LostHaste\Library\PackageCache\com.unity.visualscripting@1.7.8\Editor\VisualScripting.Core\Dependencies\DotNetZip\Unity.VisualScripting.IonicZip.dll
Native extension for WindowsStandalone target not found
Refreshing native plugins compatible for Editor in 0.76 ms, found 3 plugins.
Preloading 0 native plugins for Editor in 0.00 ms.
Mono: successfully reloaded assembly
- Completed reload, in  0.740 seconds
Domain Reload Profiling:
	ReloadAssembly (741ms)
		BeginReloadAssembly (81ms)
			ExecutionOrderSort (0ms)
			DisableScriptedObjects (4ms)
			BackupInstance (0ms)
			ReleaseScriptingObjects (0ms)
			CreateAndSetChildDomain (15ms)
		EndReloadAssembly (578ms)
			LoadAssemblies (61ms)
			RebuildTransferFunctionScriptingTraits (0ms)
			SetupTypeCache (168ms)
			ReleaseScriptCaches (0ms)
			RebuildScriptCaches (35ms)
			SetupLoadedEditorAssemblies (287ms)
				LogAssemblyErrors (0ms)
				InitializePlatformSupportModulesInManaged (4ms)
				SetLoadedEditorAssemblies (0ms)
				RefreshPlugins (1ms)
				BeforeProcessingInitializeOnLoad (64ms)
				ProcessInitializeOnLoadAttributes (188ms)
				ProcessInitializeOnLoadMethodAttributes (23ms)
				AfterProcessingInitializeOnLoad (6ms)
				EditorAssembliesLoaded (0ms)
			ExecutionOrderSort2 (0ms)
			AwakeInstancesAfterBackupRestoration (4ms)
Platform modules already initialized, skipping
========================================================================
Worker process is ready to serve import requests
Launched and connected shader compiler UnityShaderCompiler.exe after 0.03 seconds
Refreshing native plugins compatible for Editor in 1.41 ms, found 3 plugins.
Preloading 0 native plugins for Editor in 0.00 ms.
Unloading 3502 Unused Serialized files (Serialized files now loaded: 0)
Unloading 31 unused Assets / (399.7 KB). Loaded Objects now: 3986.
Memory consumption went from 155.2 MB to 154.9 MB.
Total: 4.097700 ms (FindLiveObjects: 0.410000 ms CreateObjectMapping: 0.116500 ms MarkObjects: 3.294200 ms  DeleteObjects: 0.275800 ms)

AssetImportParameters requested are different than current active one (requested -> active):
  custom:video-decoder-ogg-theora: a1e56fd34408186e4bbccfd4996cb3dc -> 
  custom:container-muxer-webm: aa71ff27fc2769a1b78a27578f13a17b -> 
  custom:container-demuxer-webm: 4f35f7cbe854078d1ac9338744f61a02 -> 
  custom:video-encoder-webm-vp8: eb34c28f22e8b96e1ab97ce403110664 -> 
  custom:audio-encoder-webm-vorbis: bf7c407c2cedff20999df2af8eb42d56 -> 
  custom:framework-win-MediaFoundation: 216162199b28c13a410421893ffa2e32 -> 
  custom:container-demuxer-ogg: 62fdf1f143b41e24485cea50d1cbac27 -> 
  custom:video-decoder-webm-vp8: 9c59270c3fd7afecdb556c50c9e8de78 -> 
  custom:audio-decoder-ogg-vorbis: bf7c407c2cedff20999df2af8eb42d56 -> 
========================================================================
Received Import Request.
  Time since last request: 1370134.787672 seconds.
  path: Assets/TerrainSampleAssets/Prefabs/Plant_C.prefab
  artifactKey: Guid(d9246f89c4014f749b69f6e963372434) Importer(815301076,1909f56bfc062723c751e8b465ee728b)
Start importing Assets/TerrainSampleAssets/Prefabs/Plant_C.prefab using Guid(d9246f89c4014f749b69f6e963372434) Importer(815301076,1909f56bfc062723c751e8b465ee728b)  -> (artifact id: 'e285d607bf7233fed516c4adabccad5a') in 0.098933 seconds 
========================================================================
Received Import Request.
  Time since last request: 2.883160 seconds.
  path: Assets/Sticks_Branches/Meshes/SM_Sticks_Large_03.fbx
  artifactKey: Guid(e7a90c3bbc691054896982a4654c2058) Importer(815301076,1909f56bfc062723c751e8b465ee728b)
Start importing Assets/Sticks_Branches/Meshes/SM_Sticks_Large_03.fbx using Guid(e7a90c3bbc691054896982a4654c2058) Importer(815301076,1909f56bfc062723c751e8b465ee728b)  -> (artifact id: '7e6e8a84b2905ef760081ee6b04ccbfd') in 0.154585 seconds 
========================================================================
Received Import Request.
  Time since last request: 0.000016 seconds.
  path: Assets/Sticks_Branches/Meshes/SM_Sticks_Large_04.fbx
  artifactKey: Guid(dd9c388a8983ed24498602e968f55ae2) Importer(815301076,1909f56bfc062723c751e8b465ee728b)
Start importing Assets/Sticks_Branches/Meshes/SM_Sticks_Large_04.fbx using Guid(dd9c388a8983ed24498602e968f55ae2) Importer(815301076,1909f56bfc062723c751e8b465ee728b)  -> (artifact id: '7f1649f8e4a249c4be25245ce821f028') in 0.061032 seconds 
========================================================================
Received Import Request.
  Time since last request: 0.000017 seconds.
  path: Assets/Sticks_Branches/Meshes/SM_Sticks_Medium_02.fbx
  artifactKey: Guid(d6b8ca80269d0a14cb87310f848ef45e) Importer(815301076,1909f56bfc062723c751e8b465ee728b)
Start importing Assets/Sticks_Branches/Meshes/SM_Sticks_Medium_02.fbx using Guid(d6b8ca80269d0a14cb87310f848ef45e) Importer(815301076,1909f56bfc062723c751e8b465ee728b)  -> (artifact id: '20cb224f25c640c52e342e574b7888b4') in 0.056016 seconds 
========================================================================
Received Import Request.
  Time since last request: 0.000023 seconds.
  path: Assets/Sticks_Branches/Meshes/SM_Sticks_Medium_04.fbx
  artifactKey: Guid(f66f8532b63d50545982843b6457a9da) Importer(815301076,1909f56bfc062723c751e8b465ee728b)
Start importing Assets/Sticks_Branches/Meshes/SM_Sticks_Medium_04.fbx using Guid(f66f8532b63d50545982843b6457a9da) Importer(815301076,1909f56bfc062723c751e8b465ee728b)  -> (artifact id: 'd1955f35a26f0e963d1a9509dc520fa4') in 0.021471 seconds 
========================================================================
Received Import Request.
  Time since last request: 0.358792 seconds.
  path: Assets/Sticks_Branches/Meshes/SM_Sticks_Medium_10.fbx
  artifactKey: Guid(3aa86a56a999dbb439c219f8234a131c) Importer(815301076,1909f56bfc062723c751e8b465ee728b)
Start importing Assets/Sticks_Branches/Meshes/SM_Sticks_Medium_10.fbx using Guid(3aa86a56a999dbb439c219f8234a131c) Importer(815301076,1909f56bfc062723c751e8b465ee728b)  -> (artifact id: 'cb8fbea0ba2429f781982ba7c9f6c58a') in 0.018215 seconds 
========================================================================
Received Import Request.
  Time since last request: 0.000017 seconds.
  path: Assets/Sticks_Branches/Meshes/SM_Sticks_Small_01.fbx
  artifactKey: Guid(33a2c924028bb2147bdef4938137b0fb) Importer(815301076,1909f56bfc062723c751e8b465ee728b)
Start importing Assets/Sticks_Branches/Meshes/SM_Sticks_Small_01.fbx using Guid(33a2c924028bb2147bdef4938137b0fb) Importer(815301076,1909f56bfc062723c751e8b465ee728b)  -> (artifact id: '6c9bf95cef1a99fac4f0ccf9c1bc15e9') in 0.020328 seconds 
========================================================================
Received Import Request.
  Time since last request: 0.000018 seconds.
  path: Assets/Sticks_Branches/Meshes/SM_Sticks_Small_05.fbx
  artifactKey: Guid(d0be0726ea5a473429a9d8fe7b48ea42) Importer(815301076,1909f56bfc062723c751e8b465ee728b)
Start importing Assets/Sticks_Branches/Meshes/SM_Sticks_Small_05.fbx using Guid(d0be0726ea5a473429a9d8fe7b48ea42) Importer(815301076,1909f56bfc062723c751e8b465ee728b)  -> (artifact id: '6ab62d9c539f26aca73030ffa73d2b55') in 0.023494 seconds 
========================================================================
Received Import Request.
  Time since last request: 0.000025 seconds.
  path: Assets/Sticks_Branches/Meshes/SM_Sticks_Small_12.fbx
  artifactKey: Guid(fca1f489fdb8890428c5b083a46a75a9) Importer(815301076,1909f56bfc062723c751e8b465ee728b)
Start importing Assets/Sticks_Branches/Meshes/SM_Sticks_Small_12.fbx using Guid(fca1f489fdb8890428c5b083a46a75a9) Importer(815301076,1909f56bfc062723c751e8b465ee728b)  -> (artifact id: '1de5a81fb16f0c01815a0abc009f1413') in 0.020781 seconds 
========================================================================
Received Import Request.
  Time since last request: 0.000015 seconds.
  path: Assets/Sticks_Branches/Meshes/SM_Sticks_Small_10.fbx
  artifactKey: Guid(d41ca98b66a586643bd36f7504d5bf43) Importer(815301076,1909f56bfc062723c751e8b465ee728b)
Start importing Assets/Sticks_Branches/Meshes/SM_Sticks_Small_10.fbx using Guid(d41ca98b66a586643bd36f7504d5bf43) Importer(815301076,1909f56bfc062723c751e8b465ee728b)  -> (artifact id: '00d96b93cc5a03e09027542d9ae7aa0d') in 0.022429 seconds 
========================================================================
Received Import Request.
  Time since last request: 0.000022 seconds.
  path: Assets/SurvivalTools/Prefabs/Spear.prefab
  artifactKey: Guid(68a608491944c954daab3f7b65e10c0a) Importer(815301076,1909f56bfc062723c751e8b465ee728b)
Start importing Assets/SurvivalTools/Prefabs/Spear.prefab using Guid(68a608491944c954daab3f7b65e10c0a) Importer(815301076,1909f56bfc062723c751e8b465ee728b)  -> (artifact id: '249e9012ceaf42815dff6b3f30860148') in 0.055004 seconds 
========================================================================
Received Import Request.
  Time since last request: 0.801844 seconds.
  path: Assets/SurvivalTools/Prefabs/Sword.prefab
  artifactKey: Guid(f1b3d2c50431c024e83daa780495524a) Importer(815301076,1909f56bfc062723c751e8b465ee728b)
Start importing Assets/SurvivalTools/Prefabs/Sword.prefab using Guid(f1b3d2c50431c024e83daa780495524a) Importer(815301076,1909f56bfc062723c751e8b465ee728b)  -> (artifact id: 'fa071afb65383d37bd28cc82f638f852') in 0.052015 seconds 
========================================================================
Received Import Request.
  Time since last request: 0.000017 seconds.
  path: Assets/SurvivalTools/Prefabs/Torch.prefab
  artifactKey: Guid(cb0f59fd09537354b9598229b61bfdac) Importer(815301076,1909f56bfc062723c751e8b465ee728b)
Start importing Assets/SurvivalTools/Prefabs/Torch.prefab using Guid(cb0f59fd09537354b9598229b61bfdac) Importer(815301076,1909f56bfc062723c751e8b465ee728b)  -> (artifact id: '68160670bb09eb07ee09c8e89321a62d') in 0.038907 seconds 
